Using pre-set license
Built from '2020.3/staging' branch; Version is '2020.3.9f1 (108be757e447) revision 1084391'; Using compiler version '192528614'; Build Type 'Release'
OS: 'Windows 10 Pro; OS build 19042.1348; Version 2009; 64bit' Language: 'ja' Physical Memory: 16121 MB
BatchMode: 1, IsHumanControllingUs: 0, StartBugReporterOnCrash: 0, Is64bit: 1, IsPro: 0

 COMMAND LINE ARGUMENTS:
C:\Program Files\Unity\Hub\Editor\2020.3.9f1\Editor\Unity.exe
-adb2
-batchMode
-noUpm
-name
AssetImportWorker0
-projectPath
C:/Users/justa/Documents/Unity/UnityProjects/JsonPost
-logFile
Logs/AssetImportWorker0.log
-srvPort
59023
Successfully changed project path to: C:/Users/justa/Documents/Unity/UnityProjects/JsonPost
C:/Users/justa/Documents/Unity/UnityProjects/JsonPost
Using Asset Import Pipeline V2.
Refreshing native plugins compatible for Editor in 36.76 ms, found 0 plugins.
Preloading 0 native plugins for Editor in 0.00 ms.
Initialize engine version: 2020.3.9f1 (108be757e447)
[Subsystems] Discovering subsystems at path C:/Program Files/Unity/Hub/Editor/2020.3.9f1/Editor/Data/Resources/UnitySubsystems
[Subsystems] Discovering subsystems at path C:/Users/justa/Documents/Unity/UnityProjects/JsonPost/Assets
GfxDevice: creating device client; threaded=0
Direct3D:
    Version:  Direct3D 11.0 [level 11.1]
    Renderer: NVIDIA GeForce GTX 1050 Ti with Max-Q Design (ID=0x1c8c)
    Vendor:   
    VRAM:     4018 MB
    Driver:   27.21.14.6280
Initialize mono
Mono path[0] = 'C:/Program Files/Unity/Hub/Editor/2020.3.9f1/Editor/Data/Managed'
Mono path[1] = 'C:/Program Files/Unity/Hub/Editor/2020.3.9f1/Editor/Data/MonoBleedingEdge/lib/mono/unityjit'
Mono config path = 'C:/Program Files/Unity/Hub/Editor/2020.3.9f1/Editor/Data/MonoBleedingEdge/etc'
Using monoOptions --debugger-agent=transport=dt_socket,embedding=1,server=y,suspend=n,address=127.0.0.1:56976
Begin MonoManager ReloadAssembly
Registering precompiled unity dll's ...
Register platform support module: C:/Program Files/Unity/Hub/Editor/2020.3.9f1/Editor/Data/PlaybackEngines/WindowsStandaloneSupport/UnityEditor.WindowsStandalone.Extensions.dll
Registered in 0.002587 seconds.
Native extension for WindowsStandalone target not found
Refreshing native plugins compatible for Editor in 27.25 ms, found 0 plugins.
Preloading 0 native plugins for Editor in 0.00 ms.
Mono: successfully reloaded assembly
- Completed reload, in  2.228 seconds
Platform modules already initialized, skipping
Registering precompiled user dll's ...
Registered in 0.001609 seconds.
Begin MonoManager ReloadAssembly
Native extension for WindowsStandalone target not found
Refreshing native plugins compatible for Editor in 0.60 ms, found 0 plugins.
Preloading 0 native plugins for Editor in 0.00 ms.
Mono: successfully reloaded assembly
- Completed reload, in  1.241 seconds
Platform modules already initialized, skipping
========================================================================
Worker process is ready to serve import requests
Launched and connected shader compiler UnityShaderCompiler.exe after 0.16 seconds
Refreshing native plugins compatible for Editor in 0.29 ms, found 0 plugins.
Preloading 0 native plugins for Editor in 0.00 ms.
Unloading 1117 Unused Serialized files (Serialized files now loaded: 0)
System memory in use before: 57.2 MB.
System memory in use after: 57.2 MB.

Unloading 10 unused Assets to reduce memory usage. Loaded Objects now: 1560.
Total: 4.171700 ms (FindLiveObjects: 0.335200 ms CreateObjectMapping: 0.120300 ms MarkObjects: 3.593700 ms  DeleteObjects: 0.120500 ms)

========================================================================
Received Import Request.
  path: Assets/Jsontest.cs
  artifactKey: Guid(edeb653a3d3f5e34c884a3a1ccc6e6b9) Importer(815301076,1909f56bfc062723c751e8b465ee728b)
Start importing Assets/Jsontest.cs using Guid(edeb653a3d3f5e34c884a3a1ccc6e6b9) Importer(815301076,1909f56bfc062723c751e8b465ee728b)  -> (artifact id: 'c221a1e030bb2020b0dd189a111be11c') in 0.055571 seconds
  Import took 0.058982 seconds .

========================================================================
Received Import Request.
  Time since last request: 71.425123 seconds.
  path: Assets/Jsontest.cs
  artifactKey: Guid(edeb653a3d3f5e34c884a3a1ccc6e6b9) Importer(815301076,1909f56bfc062723c751e8b465ee728b)
Start importing Assets/Jsontest.cs using Guid(edeb653a3d3f5e34c884a3a1ccc6e6b9) Importer(815301076,1909f56bfc062723c751e8b465ee728b)  -> (artifact id: '5d4654314b0b71bd52f1305a6cbe7560') in 0.009435 seconds
  Import took 0.012926 seconds .

========================================================================
Received Prepare
Registering precompiled user dll's ...
Registered in 0.001796 seconds.
Begin MonoManager ReloadAssembly
Native extension for WindowsStandalone target not found
Refreshing native plugins compatible for Editor in 0.20 ms, found 0 plugins.
Preloading 0 native plugins for Editor in 0.00 ms.
Mono: successfully reloaded assembly
- Completed reload, in  0.905 seconds
Platform modules already initialized, skipping
Refreshing native plugins compatible for Editor in 0.21 ms, found 0 plugins.
Preloading 0 native plugins for Editor in 0.00 ms.
Unloading 1112 Unused Serialized files (Serialized files now loaded: 0)
System memory in use before: 57.1 MB.
System memory in use after: 57.2 MB.

Unloading 5 unused Assets to reduce memory usage. Loaded Objects now: 1563.
Total: 1.543700 ms (FindLiveObjects: 0.133400 ms CreateObjectMapping: 0.028800 ms MarkObjects: 1.335300 ms  DeleteObjects: 0.045400 ms)

========================================================================
Received Prepare
Registering precompiled user dll's ...
Registered in 0.002097 seconds.
Begin MonoManager ReloadAssembly
Native extension for WindowsStandalone target not found
Refreshing native plugins compatible for Editor in 0.25 ms, found 0 plugins.
Preloading 0 native plugins for Editor in 0.00 ms.
Mono: successfully reloaded assembly
- Completed reload, in  1.072 seconds
Platform modules already initialized, skipping
Refreshing native plugins compatible for Editor in 0.29 ms, found 0 plugins.
Preloading 0 native plugins for Editor in 0.00 ms.
Unloading 1112 Unused Serialized files (Serialized files now loaded: 0)
System memory in use before: 57.2 MB.
System memory in use after: 57.2 MB.

Unloading 5 unused Assets to reduce memory usage. Loaded Objects now: 1566.
Total: 1.713600 ms (FindLiveObjects: 0.119900 ms CreateObjectMapping: 0.031300 ms MarkObjects: 1.509500 ms  DeleteObjects: 0.052200 ms)

========================================================================
Received Import Request.
  Time since last request: 70.686870 seconds.
  path: Assets/Count.cs
  artifactKey: Guid(0b1024fb7787d574fa9a672af9f23767) Importer(815301076,1909f56bfc062723c751e8b465ee728b)
Start importing Assets/Count.cs using Guid(0b1024fb7787d574fa9a672af9f23767) Importer(815301076,1909f56bfc062723c751e8b465ee728b)  -> (artifact id: 'e6310a346fc06325c1c69622740038cd') in 0.009801 seconds
  Import took 0.013433 seconds .

========================================================================
Received Import Request.
  Time since last request: 1.523065 seconds.
  path: Assets/Count.cs
  artifactKey: Guid(0b1024fb7787d574fa9a672af9f23767) Importer(815301076,1909f56bfc062723c751e8b465ee728b)
Start importing Assets/Count.cs using Guid(0b1024fb7787d574fa9a672af9f23767) Importer(815301076,1909f56bfc062723c751e8b465ee728b)  -> (artifact id: 'e6310a346fc06325c1c69622740038cd') in 0.005642 seconds
  Import took 0.008023 seconds .

========================================================================
Received Prepare
Registering precompiled user dll's ...
Registered in 0.003995 seconds.
Begin MonoManager ReloadAssembly
Native extension for WindowsStandalone target not found
Refreshing native plugins compatible for Editor in 0.24 ms, found 0 plugins.
Preloading 0 native plugins for Editor in 0.00 ms.
Mono: successfully reloaded assembly
- Completed reload, in  1.236 seconds
Platform modules already initialized, skipping
Refreshing native plugins compatible for Editor in 0.26 ms, found 0 plugins.
Preloading 0 native plugins for Editor in 0.00 ms.
Unloading 1112 Unused Serialized files (Serialized files now loaded: 0)
System memory in use before: 57.2 MB.
System memory in use after: 57.2 MB.

Unloading 5 unused Assets to reduce memory usage. Loaded Objects now: 1569.
Total: 2.435100 ms (FindLiveObjects: 0.178900 ms CreateObjectMapping: 0.057400 ms MarkObjects: 2.131800 ms  DeleteObjects: 0.065600 ms)

AssetImportWorkerClient::OnTransportError - code=2 error=End of file
